<?xml version="1.0" encoding="UTF-8"?>
<!-- Generated by org.testng.reporters.JUnitReportReporter -->
<testsuite name="concertWebsite.runners.RunnerIT" tests="1" time="7.854" ignored="0" failures="0" timestamp="03 dec 2019 08:43:10 GMT" skipped="0" hostname="CQGCV32" errors="0">
  <testcase name="runScenario" time="7.854" classname="concertWebsite.runners.RunnerIT"/>
</testsuite> <!-- concertWebsite.runners.RunnerIT -->
