<?xml version="1.0" encoding="UTF-8"?>
<testsuite name="concertWebsite.runners.RunnerIT" time="7.851" tests="1" errors="0" skipped="0" failures="0">
  <properties>
    <property name="java.runtime.name" value="Java(TM) SE Runtime Environment"/>
    <property name="sun.boot.library.path" value="C:\Program Files\Java\jdk1.8.0_201\jre\bin"/>
    <property name="java.vm.version" value="25.201-b09"/>
    <property name="user.country.format" value="BE"/>
    <property name="java.vm.vendor" value="Oracle Corporation"/>
    <property name="maven.multiModuleProjectDirectory" value="C:\Users\mryckmans\bdd-training\concertWebsite"/>
    <property name="java.vendor.url" value="http://java.oracle.com/"/>
    <property name="path.separator" value=";"/>
    <property name="guice.disable.misplaced.annotation.check" value="true"/>
    <property name="java.vm.name" value="Java HotSpot(TM) 64-Bit Server VM"/>
    <property name="file.encoding.pkg" value="sun.io"/>
    <property name="user.script" value=""/>
    <property name="user.country" value="GB"/>
    <property name="sun.java.launcher" value="SUN_STANDARD"/>
    <property name="sun.os.patch.level" value=""/>
    <property name="java.vm.specification.name" value="Java Virtual Machine Specification"/>
    <property name="user.dir" value="C:\Users\mryckmans\bdd-training\concertWebsite"/>
    <property name="java.runtime.version" value="1.8.0_201-b09"/>
    <property name="java.awt.graphicsenv" value="sun.awt.Win32GraphicsEnvironment"/>
    <property name="basedir" value="C:\Users\mryckmans\bdd-training\concertWebsite"/>
    <property name="java.endorsed.dirs" value="C:\Program Files\Java\jdk1.8.0_201\jre\lib\endorsed"/>
    <property name="os.arch" value="amd64"/>
    <property name="java.io.tmpdir" value="C:\Users\MRYCKM~1\AppData\Local\Temp\"/>
    <property name="line.separator" value="&#10;"/>
    <property name="java.vm.specification.vendor" value="Oracle Corporation"/>
    <property name="user.variant" value=""/>
    <property name="os.name" value="Windows 10"/>
    <property name="classworlds.conf" value="C:\ProgramData\chocolatey\lib\maven\apache-maven-3.6.0\bin\..\bin\m2.conf"/>
    <property name="sun.jnu.encoding" value="Cp1252"/>
    <property name="java.library.path" value="C:\Program Files\Java\jdk1.8.0_201\bin;C:\Windows\Sun\Java\bin;C:\Windows\system32;C:\Windows;C:\Python27\;C:\Python27\Scripts;C:\ProgramData\DockerDesktop\version-bin;C:\Program Files\Docker\Docker\Resources\bin;C:\Program Files\Microsoft MPI\Bin\;C:\Python37\Scripts\;C:\Python37\;C:\Program Files (x86)\Common Files\Oracle\Java\javapath;C:\Program Files (x86)\Intel\iCLS Client\;C:\Program Files\Intel\iCLS Client\;C:\Windows\system32;C:\Windows;C:\Windows\System32\Wbem;C:\Windows\System32\WindowsPowerShell\v1.0\;C:\Windows\System32\OpenSSH\;C:\Program Files (x86)\Intel\Intel(R) Management Engine Components\DAL;C:\Program Files\Intel\Intel(R) Management Engine Components\DAL;C:\Program Files (x86)\Intel\Intel(R) Management Engine Components\IPT;C:\Program Files\Intel\Intel(R) Management Engine Components\IPT;C:\Program Files\Intel\WiFi\bin\;C:\Program Files\Common Files\Intel\WirelessCommon\;C:\Program Files (x86)\CheckPoint\Endpoint Security\Endpoint Common\bin;C:\ProgramData\chocolatey\bin;C:\Drivers;C:\Program Files\nodejs\;C:\Program Files\dotnet\;C:\Program Files\Microsoft SQL Server\130\Tools\Binn\;C:\Go\bin;C:\Program Files\Java\jdk1.8.0_201\bin;C:\Program Files\TortoiseSVN\bin;C:\Program Files\Git\cmd;C:\Users\mryckmans\AppData\Local\Microsoft\WindowsApps;C:\Program Files\JetBrains\IntelliJ IDEA 2018.3.1\bin;C:\Users\mryckmans\AppData\Local\Programs\Fiddler;C:\Users\mryckmans\AppData\Roaming\npm;C:\Program Files\JetBrains\IntelliJ IDEA Community Edition 2018.3.4\bin;C:\Users\mryckmans\go\bin;C:\ProgramData\chocolatey\lib\msys2;C:\tools\msys64;C:\Users\mryckmans\AppData\Local\Programs\Microsoft VS Code\bin;."/>
    <property name="surefire.test.class.path" value="C:\Users\mryckmans\bdd-training\concertWebsite\target\test-classes;C:\Users\mryckmans\bdd-training\concertWebsite\target\classes;C:\Users\mryckmans\.m2\repository\io\cucumber\cucumber-java\4.3.0\cucumber-java-4.3.0.jar;C:\Users\mryckmans\.m2\repository\io\cucumber\cucumber-core\4.3.0\cucumber-core-4.3.0.jar;C:\Users\mryckmans\.m2\repository\io\cucumber\cucumber-html\0.2.7\cucumber-html-0.2.7.jar;C:\Users\mryckmans\.m2\repository\io\cucumber\gherkin\5.1.0\gherkin-5.1.0.jar;C:\Users\mryckmans\.m2\repository\io\cucumber\tag-expressions\1.1.1\tag-expressions-1.1.1.jar;C:\Users\mryckmans\.m2\repository\io\cucumber\cucumber-expressions\6.2.2\cucumber-expressions-6.2.2.jar;C:\Users\mryckmans\.m2\repository\io\cucumber\datatable\1.1.12\datatable-1.1.12.jar;C:\Users\mryckmans\.m2\repository\io\cucumber\datatable-dependencies\1.1.12\datatable-dependencies-1.1.12.jar;C:\Users\mryckmans\.m2\repository\io\cucumber\cucumber-testng\4.3.0\cucumber-testng-4.3.0.jar;C:\Users\mryckmans\.m2\repository\io\cucumber\cucumber-picocontainer\4.3.0\cucumber-picocontainer-4.3.0.jar;C:\Users\mryckmans\.m2\repository\org\picocontainer\picocontainer\2.15\picocontainer-2.15.jar;C:\Users\mryckmans\.m2\repository\org\testng\testng\6.10\testng-6.10.jar;C:\Users\mryckmans\.m2\repository\com\beust\jcommander\1.48\jcommander-1.48.jar;C:\Users\mryckmans\.m2\repository\com\ctg\smallSeleniumFramework\0.0.1-SNAPSHOT\smallSeleniumFramework-0.0.1-SNAPSHOT.jar;C:\Users\mryckmans\.m2\repository\org\seleniumhq\selenium\selenium-java\3.14.0\selenium-java-3.14.0.jar;C:\Users\mryckmans\.m2\repository\org\seleniumhq\selenium\selenium-api\3.14.0\selenium-api-3.14.0.jar;C:\Users\mryckmans\.m2\repository\org\seleniumhq\selenium\selenium-chrome-driver\3.14.0\selenium-chrome-driver-3.14.0.jar;C:\Users\mryckmans\.m2\repository\org\seleniumhq\selenium\selenium-edge-driver\3.14.0\selenium-edge-driver-3.14.0.jar;C:\Users\mryckmans\.m2\repository\org\seleniumhq\selenium\selenium-firefox-driver\3.14.0\selenium-firefox-driver-3.14.0.jar;C:\Users\mryckmans\.m2\repository\org\seleniumhq\selenium\selenium-ie-driver\3.14.0\selenium-ie-driver-3.14.0.jar;C:\Users\mryckmans\.m2\repository\org\seleniumhq\selenium\selenium-opera-driver\3.14.0\selenium-opera-driver-3.14.0.jar;C:\Users\mryckmans\.m2\repository\org\seleniumhq\selenium\selenium-remote-driver\3.14.0\selenium-remote-driver-3.14.0.jar;C:\Users\mryckmans\.m2\repository\org\seleniumhq\selenium\selenium-safari-driver\3.14.0\selenium-safari-driver-3.14.0.jar;C:\Users\mryckmans\.m2\repository\org\seleniumhq\selenium\selenium-support\3.14.0\selenium-support-3.14.0.jar;C:\Users\mryckmans\.m2\repository\net\bytebuddy\byte-buddy\1.8.15\byte-buddy-1.8.15.jar;C:\Users\mryckmans\.m2\repository\org\apache\commons\commons-exec\1.3\commons-exec-1.3.jar;C:\Users\mryckmans\.m2\repository\commons-codec\commons-codec\1.10\commons-codec-1.10.jar;C:\Users\mryckmans\.m2\repository\commons-logging\commons-logging\1.2\commons-logging-1.2.jar;C:\Users\mryckmans\.m2\repository\com\google\guava\guava\25.0-jre\guava-25.0-jre.jar;C:\Users\mryckmans\.m2\repository\com\google\code\findbugs\jsr305\1.3.9\jsr305-1.3.9.jar;C:\Users\mryckmans\.m2\repository\org\checkerframework\checker-compat-qual\2.0.0\checker-compat-qual-2.0.0.jar;C:\Users\mryckmans\.m2\repository\com\google\errorprone\error_prone_annotations\2.1.3\error_prone_annotations-2.1.3.jar;C:\Users\mryckmans\.m2\repository\com\google\j2objc\j2objc-annotations\1.1\j2objc-annotations-1.1.jar;C:\Users\mryckmans\.m2\repository\org\codehaus\mojo\animal-sniffer-annotations\1.14\animal-sniffer-annotations-1.14.jar;C:\Users\mryckmans\.m2\repository\org\apache\httpcomponents\httpclient\4.5.5\httpclient-4.5.5.jar;C:\Users\mryckmans\.m2\repository\org\apache\httpcomponents\httpcore\4.4.9\httpcore-4.4.9.jar;C:\Users\mryckmans\.m2\repository\com\squareup\okhttp3\okhttp\3.10.0\okhttp-3.10.0.jar;C:\Users\mryckmans\.m2\repository\com\squareup\okio\okio\1.14.1\okio-1.14.1.jar;C:\Users\mryckmans\.m2\repository\com\trivago\rta\cluecumber-report-plugin\2.2.0\cluecumber-report-plugin-2.2.0.jar;C:\Users\mryckmans\.m2\repository\org\apache\maven\maven-plugin-api\3.6.1\maven-plugin-api-3.6.1.jar;C:\Users\mryckmans\.m2\repository\org\apache\maven\maven-model\3.6.1\maven-model-3.6.1.jar;C:\Users\mryckmans\.m2\repository\org\apache\maven\maven-artifact\3.6.1\maven-artifact-3.6.1.jar;C:\Users\mryckmans\.m2\repository\org\apache\commons\commons-lang3\3.8.1\commons-lang3-3.8.1.jar;C:\Users\mryckmans\.m2\repository\org\eclipse\sisu\org.eclipse.sisu.plexus\0.3.3\org.eclipse.sisu.plexus-0.3.3.jar;C:\Users\mryckmans\.m2\repository\javax\enterprise\cdi-api\1.0\cdi-api-1.0.jar;C:\Users\mryckmans\.m2\repository\javax\annotation\jsr250-api\1.0\jsr250-api-1.0.jar;C:\Users\mryckmans\.m2\repository\javax\inject\javax.inject\1\javax.inject-1.jar;C:\Users\mryckmans\.m2\repository\org\eclipse\sisu\org.eclipse.sisu.inject\0.3.3\org.eclipse.sisu.inject-0.3.3.jar;C:\Users\mryckmans\.m2\repository\org\codehaus\plexus\plexus-component-annotations\1.5.5\plexus-component-annotations-1.5.5.jar;C:\Users\mryckmans\.m2\repository\org\codehaus\plexus\plexus-classworlds\2.6.0\plexus-classworlds-2.6.0.jar;C:\Users\mryckmans\.m2\repository\com\google\code\gson\gson\2.8.5\gson-2.8.5.jar;C:\Users\mryckmans\.m2\repository\io\gsonfire\gson-fire\1.9.0-alpha1\gson-fire-1.9.0-alpha1.jar;C:\Users\mryckmans\.m2\repository\org\freemarker\freemarker\2.3.28\freemarker-2.3.28.jar;C:\Users\mryckmans\.m2\repository\org\codehaus\plexus\plexus-utils\3.2.1\plexus-utils-3.2.1.jar;C:\Users\mryckmans\.m2\repository\org\apache\maven\surefire\surefire-testng-utils\2.17\surefire-testng-utils-2.17.jar;C:\Users\mryckmans\.m2\repository\org\apache\maven\surefire\surefire-grouper\2.17\surefire-grouper-2.17.jar;"/>
    <property name="maven.conf" value="C:\ProgramData\chocolatey\lib\maven\apache-maven-3.6.0\bin\../conf"/>
    <property name="java.specification.name" value="Java Platform API Specification"/>
    <property name="java.class.version" value="52.0"/>
    <property name="sun.management.compiler" value="HotSpot 64-Bit Tiered Compilers"/>
    <property name="os.version" value="10.0"/>
    <property name="library.jansi.path" value="C:\ProgramData\chocolatey\lib\maven\apache-maven-3.6.0\bin\..\lib\jansi-native"/>
    <property name="user.home" value="C:\Users\mryckmans"/>
    <property name="user.timezone" value="Europe/Paris"/>
    <property name="java.awt.printerjob" value="sun.awt.windows.WPrinterJob"/>
    <property name="java.specification.version" value="1.8"/>
    <property name="file.encoding" value="Cp1252"/>
    <property name="user.name" value="mryckmans"/>
    <property name="java.class.path" value="C:\ProgramData\chocolatey\lib\maven\apache-maven-3.6.0\bin\..\boot\plexus-classworlds-2.5.2.jar"/>
    <property name="java.vm.specification.version" value="1.8"/>
    <property name="sun.arch.data.model" value="64"/>
    <property name="java.home" value="C:\Program Files\Java\jdk1.8.0_201\jre"/>
    <property name="sun.java.command" value="org.codehaus.plexus.classworlds.launcher.Launcher verify"/>
    <property name="java.specification.vendor" value="Oracle Corporation"/>
    <property name="user.language" value="en"/>
    <property name="user.language.format" value="nl"/>
    <property name="awt.toolkit" value="sun.awt.windows.WToolkit"/>
    <property name="java.vm.info" value="mixed mode"/>
    <property name="java.version" value="1.8.0_201"/>
    <property name="java.ext.dirs" value="C:\Program Files\Java\jdk1.8.0_201\jre\lib\ext;C:\Windows\Sun\Java\lib\ext"/>
    <property name="sun.boot.class.path" value="C:\Program Files\Java\jdk1.8.0_201\jre\lib\resources.jar;C:\Program Files\Java\jdk1.8.0_201\jre\lib\rt.jar;C:\Program Files\Java\jdk1.8.0_201\jre\lib\sunrsasign.jar;C:\Program Files\Java\jdk1.8.0_201\jre\lib\jsse.jar;C:\Program Files\Java\jdk1.8.0_201\jre\lib\jce.jar;C:\Program Files\Java\jdk1.8.0_201\jre\lib\charsets.jar;C:\Program Files\Java\jdk1.8.0_201\jre\lib\jfr.jar;C:\Program Files\Java\jdk1.8.0_201\jre\classes"/>
    <property name="sun.stderr.encoding" value="cp437"/>
    <property name="java.vendor" value="Oracle Corporation"/>
    <property name="maven.home" value="C:\ProgramData\chocolatey\lib\maven\apache-maven-3.6.0\bin\.."/>
    <property name="localRepository" value="C:\Users\mryckmans\.m2\repository"/>
    <property name="file.separator" value="\"/>
    <property name="java.vendor.url.bug" value="http://bugreport.sun.com/bugreport/"/>
    <property name="sun.cpu.endian" value="little"/>
    <property name="sun.io.unicode.encoding" value="UnicodeLittle"/>
    <property name="sun.stdout.encoding" value="cp437"/>
    <property name="webdriver.firefox.driver" value="C:\Drivers\geckodriver.exe"/>
    <property name="sun.desktop" value="windows"/>
    <property name="sun.cpu.isalist" value="amd64"/>
  </properties>
  <testcase name="runScenario" classname="concertWebsite.runners.RunnerIT" time="7.851"/>
</testsuite>